[progress] Loading dataset...
[features] common=['city_id', 'store_id', 'management_group_id', 'first_category_id', 'second_category_id', 'third_category_id', 'product_id', 'holiday_flag', 'precpt', 'avg_temperature', 'avg_humidity', 'avg_wind_level', 'dt_weekday', 'dt_month', 'dt_day', 'dt_weekofyear', 'dt_is_weekend']
[features] specific=['sale_amount', 'hours_sale', 'discount', 'activity_flag']
[config] window_size=14 steps=120 lr=0.001 hidden_dim=64 latent_dim=16 horizons=[1, 3, 7] modes=['both', 'common_only', 'specific_only'] seeds=[42]

[progress] Build splits for horizon=1, seed=42
[progress] horizon=1 seed=42 sample_count train=3149999 valid=674999 test=674999
[progress] Start training: scenario17_h1_both_seed42
[train] scenario17_h1_both_seed42: mode=both h=1 steps=120 common_input_dim=238 specific_input_dim=56
[train] scenario17_h1_both_seed42: mode=both h=1 step=1/120 loss=0.911474
[train] scenario17_h1_both_seed42: mode=both h=1 step=20/120 loss=0.530103
[train] scenario17_h1_both_seed42: mode=both h=1 step=40/120 loss=0.432851
[train] scenario17_h1_both_seed42: mode=both h=1 step=60/120 loss=0.419794
[train] scenario17_h1_both_seed42: mode=both h=1 step=80/120 loss=0.416000
[train] scenario17_h1_both_seed42: mode=both h=1 step=100/120 loss=0.412996
[train] scenario17_h1_both_seed42: mode=both h=1 step=120/120 loss=0.410792
[saved] /Users/shota/Documents/projects/research_codes/decoupling/scenarios/scenario17_horizon_role_gap/output/train_loss_h1_both_seed42.png
[result] h=1 mode=both seed=42 valid_wape=0.4299 test_wape=0.4351
[saved] /Users/shota/Documents/projects/research_codes/decoupling/scenarios/scenario17_horizon_role_gap/output/metrics_h1_both_seed42.csv
[saved] /Users/shota/Documents/projects/research_codes/decoupling/scenarios/scenario17_horizon_role_gap/output/predictions_h1_both_seed42.csv (rows=1349998)
[progress] Start training: scenario17_h1_common_only_seed42
[train] scenario17_h1_common_only_seed42: mode=common_only h=1 steps=120 common_input_dim=238 specific_input_dim=56
[train] scenario17_h1_common_only_seed42: mode=common_only h=1 step=1/120 loss=0.910353
[train] scenario17_h1_common_only_seed42: mode=common_only h=1 step=20/120 loss=0.633797
[train] scenario17_h1_common_only_seed42: mode=common_only h=1 step=40/120 loss=0.613432
[train] scenario17_h1_common_only_seed42: mode=common_only h=1 step=60/120 loss=0.609026
[train] scenario17_h1_common_only_seed42: mode=common_only h=1 step=80/120 loss=0.607148
[train] scenario17_h1_common_only_seed42: mode=common_only h=1 step=100/120 loss=0.605591
[train] scenario17_h1_common_only_seed42: mode=common_only h=1 step=120/120 loss=0.603861
[saved] /Users/shota/Documents/projects/research_codes/decoupling/scenarios/scenario17_horizon_role_gap/output/train_loss_h1_common_only_seed42.png
[result] h=1 mode=common_only seed=42 valid_wape=0.6467 test_wape=0.6670
[saved] /Users/shota/Documents/projects/research_codes/decoupling/scenarios/scenario17_horizon_role_gap/output/metrics_h1_common_only_seed42.csv
[saved] /Users/shota/Documents/projects/research_codes/decoupling/scenarios/scenario17_horizon_role_gap/output/predictions_h1_common_only_seed42.csv (rows=1349998)
[progress] Start training: scenario17_h1_specific_only_seed42
[train] scenario17_h1_specific_only_seed42: mode=specific_only h=1 steps=120 common_input_dim=238 specific_input_dim=56
[train] scenario17_h1_specific_only_seed42: mode=specific_only h=1 step=1/120 loss=0.956613
[train] scenario17_h1_specific_only_seed42: mode=specific_only h=1 step=20/120 loss=0.559522
[train] scenario17_h1_specific_only_seed42: mode=specific_only h=1 step=40/120 loss=0.444261
[train] scenario17_h1_specific_only_seed42: mode=specific_only h=1 step=60/120 loss=0.430101
[train] scenario17_h1_specific_only_seed42: mode=specific_only h=1 step=80/120 loss=0.425382
[train] scenario17_h1_specific_only_seed42: mode=specific_only h=1 step=100/120 loss=0.422597
[train] scenario17_h1_specific_only_seed42: mode=specific_only h=1 step=120/120 loss=0.420602
[saved] /Users/shota/Documents/projects/research_codes/decoupling/scenarios/scenario17_horizon_role_gap/output/train_loss_h1_specific_only_seed42.png
[result] h=1 mode=specific_only seed=42 valid_wape=0.4331 test_wape=0.4281
[saved] /Users/shota/Documents/projects/research_codes/decoupling/scenarios/scenario17_horizon_role_gap/output/metrics_h1_specific_only_seed42.csv
[saved] /Users/shota/Documents/projects/research_codes/decoupling/scenarios/scenario17_horizon_role_gap/output/predictions_h1_specific_only_seed42.csv (rows=1349998)

[progress] Build splits for horizon=3, seed=42
[progress] horizon=3 seed=42 sample_count train=3149997 valid=674997 test=674997
[progress] Start training: scenario17_h3_both_seed42
[train] scenario17_h3_both_seed42: mode=both h=3 steps=120 common_input_dim=238 specific_input_dim=56
[train] scenario17_h3_both_seed42: mode=both h=3 step=1/120 loss=0.911429
[train] scenario17_h3_both_seed42: mode=both h=3 step=20/120 loss=0.544974
[train] scenario17_h3_both_seed42: mode=both h=3 step=40/120 loss=0.469294
[train] scenario17_h3_both_seed42: mode=both h=3 step=60/120 loss=0.456578
[train] scenario17_h3_both_seed42: mode=both h=3 step=80/120 loss=0.451156
[train] scenario17_h3_both_seed42: mode=both h=3 step=100/120 loss=0.446928
[train] scenario17_h3_both_seed42: mode=both h=3 step=120/120 loss=0.443667
[saved] /Users/shota/Documents/projects/research_codes/decoupling/scenarios/scenario17_horizon_role_gap/output/train_loss_h3_both_seed42.png
[result] h=3 mode=both seed=42 valid_wape=0.4667 test_wape=0.4756
[saved] /Users/shota/Documents/projects/research_codes/decoupling/scenarios/scenario17_horizon_role_gap/output/metrics_h3_both_seed42.csv
[saved] /Users/shota/Documents/projects/research_codes/decoupling/scenarios/scenario17_horizon_role_gap/output/predictions_h3_both_seed42.csv (rows=1349994)
[progress] Start training: scenario17_h3_common_only_seed42
[train] scenario17_h3_common_only_seed42: mode=common_only h=3 steps=120 common_input_dim=238 specific_input_dim=56
[train] scenario17_h3_common_only_seed42: mode=common_only h=3 step=1/120 loss=0.910355
[train] scenario17_h3_common_only_seed42: mode=common_only h=3 step=20/120 loss=0.634993
[train] scenario17_h3_common_only_seed42: mode=common_only h=3 step=40/120 loss=0.614008
[train] scenario17_h3_common_only_seed42: mode=common_only h=3 step=60/120 loss=0.609520
[train] scenario17_h3_common_only_seed42: mode=common_only h=3 step=80/120 loss=0.607561
[train] scenario17_h3_common_only_seed42: mode=common_only h=3 step=100/120 loss=0.605875
[train] scenario17_h3_common_only_seed42: mode=common_only h=3 step=120/120 loss=0.604032
[saved] /Users/shota/Documents/projects/research_codes/decoupling/scenarios/scenario17_horizon_role_gap/output/train_loss_h3_common_only_seed42.png
[result] h=3 mode=common_only seed=42 valid_wape=0.6449 test_wape=0.6627
[saved] /Users/shota/Documents/projects/research_codes/decoupling/scenarios/scenario17_horizon_role_gap/output/metrics_h3_common_only_seed42.csv
[saved] /Users/shota/Documents/projects/research_codes/decoupling/scenarios/scenario17_horizon_role_gap/output/predictions_h3_common_only_seed42.csv (rows=1349994)
[progress] Start training: scenario17_h3_specific_only_seed42
[train] scenario17_h3_specific_only_seed42: mode=specific_only h=3 steps=120 common_input_dim=238 specific_input_dim=56
[train] scenario17_h3_specific_only_seed42: mode=specific_only h=3 step=1/120 loss=0.956689
[train] scenario17_h3_specific_only_seed42: mode=specific_only h=3 step=20/120 loss=0.572424
[train] scenario17_h3_specific_only_seed42: mode=specific_only h=3 step=40/120 loss=0.485114
[train] scenario17_h3_specific_only_seed42: mode=specific_only h=3 step=60/120 loss=0.473248
[train] scenario17_h3_specific_only_seed42: mode=specific_only h=3 step=80/120 loss=0.469137
[train] scenario17_h3_specific_only_seed42: mode=specific_only h=3 step=100/120 loss=0.466707
[train] scenario17_h3_specific_only_seed42: mode=specific_only h=3 step=120/120 loss=0.465055
[saved] /Users/shota/Documents/projects/research_codes/decoupling/scenarios/scenario17_horizon_role_gap/output/train_loss_h3_specific_only_seed42.png
[result] h=3 mode=specific_only seed=42 valid_wape=0.4791 test_wape=0.4742
[saved] /Users/shota/Documents/projects/research_codes/decoupling/scenarios/scenario17_horizon_role_gap/output/metrics_h3_specific_only_seed42.csv
[saved] /Users/shota/Documents/projects/research_codes/decoupling/scenarios/scenario17_horizon_role_gap/output/predictions_h3_specific_only_seed42.csv (rows=1349994)

[progress] Build splits for horizon=7, seed=42
[progress] horizon=7 seed=42 sample_count train=3149993 valid=674993 test=674993
[progress] Start training: scenario17_h7_both_seed42
[train] scenario17_h7_both_seed42: mode=both h=7 steps=120 common_input_dim=238 specific_input_dim=56
[train] scenario17_h7_both_seed42: mode=both h=7 step=1/120 loss=0.911551
[train] scenario17_h7_both_seed42: mode=both h=7 step=20/120 loss=0.550782
[train] scenario17_h7_both_seed42: mode=both h=7 step=40/120 loss=0.470379
[train] scenario17_h7_both_seed42: mode=both h=7 step=60/120 loss=0.457783
[train] scenario17_h7_both_seed42: mode=both h=7 step=80/120 loss=0.452976
[train] scenario17_h7_both_seed42: mode=both h=7 step=100/120 loss=0.449099
[train] scenario17_h7_both_seed42: mode=both h=7 step=120/120 loss=0.446053
[saved] /Users/shota/Documents/projects/research_codes/decoupling/scenarios/scenario17_horizon_role_gap/output/train_loss_h7_both_seed42.png
[result] h=7 mode=both seed=42 valid_wape=0.4699 test_wape=0.4730
[saved] /Users/shota/Documents/projects/research_codes/decoupling/scenarios/scenario17_horizon_role_gap/output/metrics_h7_both_seed42.csv
[saved] /Users/shota/Documents/projects/research_codes/decoupling/scenarios/scenario17_horizon_role_gap/output/predictions_h7_both_seed42.csv (rows=1349986)
[progress] Start training: scenario17_h7_common_only_seed42
[train] scenario17_h7_common_only_seed42: mode=common_only h=7 steps=120 common_input_dim=238 specific_input_dim=56
[train] scenario17_h7_common_only_seed42: mode=common_only h=7 step=1/120 loss=0.910479
[train] scenario17_h7_common_only_seed42: mode=common_only h=7 step=20/120 loss=0.632913
[train] scenario17_h7_common_only_seed42: mode=common_only h=7 step=40/120 loss=0.613166
[train] scenario17_h7_common_only_seed42: mode=common_only h=7 step=60/120 loss=0.608954
[train] scenario17_h7_common_only_seed42: mode=common_only h=7 step=80/120 loss=0.607146
[train] scenario17_h7_common_only_seed42: mode=common_only h=7 step=100/120 loss=0.605605
[train] scenario17_h7_common_only_seed42: mode=common_only h=7 step=120/120 loss=0.603930
[saved] /Users/shota/Documents/projects/research_codes/decoupling/scenarios/scenario17_horizon_role_gap/output/train_loss_h7_common_only_seed42.png
[result] h=7 mode=common_only seed=42 valid_wape=0.6437 test_wape=0.6617
[saved] /Users/shota/Documents/projects/research_codes/decoupling/scenarios/scenario17_horizon_role_gap/output/metrics_h7_common_only_seed42.csv
[saved] /Users/shota/Documents/projects/research_codes/decoupling/scenarios/scenario17_horizon_role_gap/output/predictions_h7_common_only_seed42.csv (rows=1349986)
[progress] Start training: scenario17_h7_specific_only_seed42
[train] scenario17_h7_specific_only_seed42: mode=specific_only h=7 steps=120 common_input_dim=238 specific_input_dim=56
[train] scenario17_h7_specific_only_seed42: mode=specific_only h=7 step=1/120 loss=0.956706
[train] scenario17_h7_specific_only_seed42: mode=specific_only h=7 step=20/120 loss=0.579723
[train] scenario17_h7_specific_only_seed42: mode=specific_only h=7 step=40/120 loss=0.481692
[train] scenario17_h7_specific_only_seed42: mode=specific_only h=7 step=60/120 loss=0.468733
[train] scenario17_h7_specific_only_seed42: mode=specific_only h=7 step=80/120 loss=0.463972
[train] scenario17_h7_specific_only_seed42: mode=specific_only h=7 step=100/120 loss=0.461353
[train] scenario17_h7_specific_only_seed42: mode=specific_only h=7 step=120/120 loss=0.459510
[saved] /Users/shota/Documents/projects/research_codes/decoupling/scenarios/scenario17_horizon_role_gap/output/train_loss_h7_specific_only_seed42.png
[result] h=7 mode=specific_only seed=42 valid_wape=0.4744 test_wape=0.4676
[saved] /Users/shota/Documents/projects/research_codes/decoupling/scenarios/scenario17_horizon_role_gap/output/metrics_h7_specific_only_seed42.csv
[saved] /Users/shota/Documents/projects/research_codes/decoupling/scenarios/scenario17_horizon_role_gap/output/predictions_h7_specific_only_seed42.csv (rows=1349986)
[saved] /Users/shota/Documents/projects/research_codes/decoupling/scenarios/scenario17_horizon_role_gap/output/summary_by_horizon.csv
[saved] /Users/shota/Documents/projects/research_codes/decoupling/scenarios/scenario17_horizon_role_gap/output/scenario17_predictions_all.csv
[saved] /Users/shota/Documents/projects/research_codes/decoupling/scenarios/scenario17_horizon_role_gap/output/relative_contribution.csv

[summary] Scenario17 completed.
